2023-05-03T20:56:01.263+02:00  INFO 13883 --- [main] n.b.k.microservices.items.Application    : Starting Application using Java 18.0.2 with PID 13883 (/home/bvpelt/Develop/microservice/items/target/classes started by bvpelt in /home/bvpelt/Develop/microservice)
2023-05-03T20:56:01.266+02:00 DEBUG 13883 --- [main] n.b.k.microservices.items.Application    : Running with Spring Boot v3.0.6, Spring v6.0.8
2023-05-03T20:56:01.267+02:00  INFO 13883 --- [main] n.b.k.microservices.items.Application    : No active profile set, falling back to 1 default profile: "default"
2023-05-03T20:56:02.192+02:00  INFO 13883 --- [main] .s.d.r.c.RepositoryConfigurationDelegate : Bootstrapping Spring Data JPA repositories in DEFAULT mode.
2023-05-03T20:56:02.242+02:00  INFO 13883 --- [main] .s.d.r.c.RepositoryConfigurationDelegate : Finished Spring Data repository scanning in 35 ms. Found 1 JPA repository interfaces.
2023-05-03T20:56:02.926+02:00  INFO 13883 --- [main] o.s.b.w.embedded.tomcat.TomcatWebServer  : Tomcat initialized with port(s): 8080 (http)
2023-05-03T20:56:02.931+02:00  INFO 13883 --- [main] o.apache.catalina.core.StandardService   : Starting service [Tomcat]
2023-05-03T20:56:02.931+02:00  INFO 13883 --- [main] o.apache.catalina.core.StandardEngine    : Starting Servlet engine: [Apache Tomcat/10.1.8]
2023-05-03T20:56:03.093+02:00  INFO 13883 --- [main] o.a.c.c.C.[.[localhost].[/api/items/v1]  : Initializing Spring embedded WebApplicationContext
2023-05-03T20:56:03.093+02:00  INFO 13883 --- [main] w.s.c.ServletWebServerApplicationContext : Root WebApplicationContext: initialization completed in 1747 ms
2023-05-03T20:56:03.283+02:00  INFO 13883 --- [main] com.zaxxer.hikari.HikariDataSource       : HikariPool-1 - Starting...
2023-05-03T20:56:03.941+02:00  INFO 13883 --- [main] com.zaxxer.hikari.pool.HikariPool        : HikariPool-1 - Added connection org.postgresql.jdbc.PgConnection@274fdea6
2023-05-03T20:56:03.943+02:00  INFO 13883 --- [main] com.zaxxer.hikari.HikariDataSource       : HikariPool-1 - Start completed.
2023-05-03T20:56:04.173+02:00  INFO 13883 --- [main] liquibase.database                       : Set default schema name to public
2023-05-03T20:56:04.258+02:00  INFO 13883 --- [main] liquibase.lockservice                    : Successfully acquired change log lock
2023-05-03T20:56:04.576+02:00  INFO 13883 --- [main] liquibase.changelog                      : Reading from public.databasechangelog
2023-05-03T20:56:04.658+02:00  INFO 13883 --- [main] liquibase.lockservice                    : Successfully released change log lock
2023-05-03T20:56:04.831+02:00  INFO 13883 --- [main] o.hibernate.jpa.internal.util.LogHelper  : HHH000204: Processing PersistenceUnitInfo [name: default]
2023-05-03T20:56:04.867+02:00  INFO 13883 --- [main] org.hibernate.Version                    : HHH000412: Hibernate ORM core version 6.1.7.Final
2023-05-03T20:56:05.159+02:00  INFO 13883 --- [main] SQL dialect                              : HHH000400: Using dialect: org.hibernate.dialect.PostgreSQLDialect
2023-05-03T20:56:05.995+02:00  INFO 13883 --- [main] o.h.e.t.j.p.i.JtaPlatformInitiator       : HHH000490: Using JtaPlatform implementation: [org.hibernate.engine.transaction.jta.platform.internal.NoJtaPlatform]
2023-05-03T20:56:06.016+02:00  INFO 13883 --- [main] j.LocalContainerEntityManagerFactoryBean : Initialized JPA EntityManagerFactory for persistence unit 'default'
2023-05-03T20:56:06.658+02:00  INFO 13883 --- [main] o.s.b.w.embedded.tomcat.TomcatWebServer  : Tomcat started on port(s): 8080 (http) with context path '/api/items/v1'
2023-05-03T20:56:06.689+02:00  INFO 13883 --- [main] o.s.b.w.embedded.tomcat.TomcatWebServer  : Tomcat initialized with port(s): 8081 (http)
2023-05-03T20:56:06.689+02:00  INFO 13883 --- [main] o.apache.catalina.core.StandardService   : Starting service [Tomcat]
2023-05-03T20:56:06.690+02:00  INFO 13883 --- [main] o.apache.catalina.core.StandardEngine    : Starting Servlet engine: [Apache Tomcat/10.1.8]
2023-05-03T20:56:06.695+02:00  INFO 13883 --- [main] o.a.c.c.C.[Tomcat-1].[localhost].[/]     : Initializing Spring embedded WebApplicationContext
2023-05-03T20:56:06.695+02:00  INFO 13883 --- [main] w.s.c.ServletWebServerApplicationContext : Root WebApplicationContext: initialization completed in 35 ms
2023-05-03T20:56:06.704+02:00  INFO 13883 --- [main] o.s.b.a.e.web.EndpointLinksResolver      : Exposing 16 endpoint(s) beneath base path '/actuator'
2023-05-03T20:56:06.724+02:00  INFO 13883 --- [main] o.s.b.w.embedded.tomcat.TomcatWebServer  : Tomcat started on port(s): 8081 (http) with context path ''
2023-05-03T20:56:06.734+02:00  INFO 13883 --- [main] n.b.k.microservices.items.Application    : Started Application in 6.258 seconds (process running for 8.121)
2023-05-03T20:56:17.389+02:00  INFO 13883 --- [http-nio-8080-exec-1] o.a.c.c.C.[.[localhost].[/api/items/v1]  : Initializing Spring DispatcherServlet 'dispatcherServlet'
2023-05-03T20:56:17.390+02:00  INFO 13883 --- [http-nio-8080-exec-1] o.s.web.servlet.DispatcherServlet        : Initializing Servlet 'dispatcherServlet'
2023-05-03T20:56:17.391+02:00  INFO 13883 --- [http-nio-8080-exec-1] o.s.web.servlet.DispatcherServlet        : Completed initialization in 0 ms
2023-05-03T21:00:09.050+02:00  INFO 13883 --- [SpringApplicationShutdownHook] j.LocalContainerEntityManagerFactoryBean : Closing JPA EntityManagerFactory for persistence unit 'default'
2023-05-03T21:00:09.051+02:00  INFO 13883 --- [SpringApplicationShutdownHook] com.zaxxer.hikari.HikariDataSource       : HikariPool-1 - Shutdown initiated...
2023-05-03T21:00:09.055+02:00  INFO 13883 --- [SpringApplicationShutdownHook] com.zaxxer.hikari.HikariDataSource       : HikariPool-1 - Shutdown completed.
2023-05-03T21:00:12.680+02:00  INFO 14108 --- [main] n.b.k.microservices.items.Application    : Starting Application using Java 18.0.2 with PID 14108 (/home/bvpelt/Develop/microservice/items/target/classes started by bvpelt in /home/bvpelt/Develop/microservice)
2023-05-03T21:00:12.681+02:00 DEBUG 14108 --- [main] n.b.k.microservices.items.Application    : Running with Spring Boot v3.0.6, Spring v6.0.8
2023-05-03T21:00:12.681+02:00  INFO 14108 --- [main] n.b.k.microservices.items.Application    : No active profile set, falling back to 1 default profile: "default"
2023-05-03T21:00:12.979+02:00  INFO 14108 --- [main] .s.d.r.c.RepositoryConfigurationDelegate : Bootstrapping Spring Data JPA repositories in DEFAULT mode.
2023-05-03T21:00:13.000+02:00  INFO 14108 --- [main] .s.d.r.c.RepositoryConfigurationDelegate : Finished Spring Data repository scanning in 17 ms. Found 1 JPA repository interfaces.
2023-05-03T21:00:13.414+02:00  INFO 14108 --- [main] o.s.b.w.embedded.tomcat.TomcatWebServer  : Tomcat initialized with port(s): 8080 (http)
2023-05-03T21:00:13.418+02:00  INFO 14108 --- [main] o.apache.catalina.core.StandardService   : Starting service [Tomcat]
2023-05-03T21:00:13.418+02:00  INFO 14108 --- [main] o.apache.catalina.core.StandardEngine    : Starting Servlet engine: [Apache Tomcat/10.1.8]
2023-05-03T21:00:13.458+02:00  INFO 14108 --- [main] o.a.c.c.C.[.[localhost].[/api/items/v1]  : Initializing Spring embedded WebApplicationContext
2023-05-03T21:00:13.458+02:00  INFO 14108 --- [main] w.s.c.ServletWebServerApplicationContext : Root WebApplicationContext: initialization completed in 743 ms
2023-05-03T21:00:13.553+02:00  INFO 14108 --- [main] com.zaxxer.hikari.HikariDataSource       : HikariPool-1 - Starting...
2023-05-03T21:00:13.702+02:00  INFO 14108 --- [main] com.zaxxer.hikari.pool.HikariPool        : HikariPool-1 - Added connection org.postgresql.jdbc.PgConnection@424f02b8
2023-05-03T21:00:13.703+02:00  INFO 14108 --- [main] com.zaxxer.hikari.HikariDataSource       : HikariPool-1 - Start completed.
2023-05-03T21:00:13.777+02:00  INFO 14108 --- [main] liquibase.database                       : Set default schema name to public
2023-05-03T21:00:13.835+02:00  INFO 14108 --- [main] liquibase.lockservice                    : Successfully acquired change log lock
2023-05-03T21:00:13.949+02:00  INFO 14108 --- [main] liquibase.changelog                      : Reading from public.databasechangelog
2023-05-03T21:00:13.985+02:00  INFO 14108 --- [main] liquibase.lockservice                    : Successfully released change log lock
2023-05-03T21:00:14.025+02:00  INFO 14108 --- [main] o.hibernate.jpa.internal.util.LogHelper  : HHH000204: Processing PersistenceUnitInfo [name: default]
2023-05-03T21:00:14.050+02:00  INFO 14108 --- [main] org.hibernate.Version                    : HHH000412: Hibernate ORM core version 6.1.7.Final
2023-05-03T21:00:14.186+02:00  INFO 14108 --- [main] SQL dialect                              : HHH000400: Using dialect: org.hibernate.dialect.PostgreSQLDialect
2023-05-03T21:00:14.531+02:00  INFO 14108 --- [main] o.h.e.t.j.p.i.JtaPlatformInitiator       : HHH000490: Using JtaPlatform implementation: [org.hibernate.engine.transaction.jta.platform.internal.NoJtaPlatform]
2023-05-03T21:00:14.536+02:00  INFO 14108 --- [main] j.LocalContainerEntityManagerFactoryBean : Initialized JPA EntityManagerFactory for persistence unit 'default'
2023-05-03T21:00:15.006+02:00  INFO 14108 --- [main] o.s.b.w.embedded.tomcat.TomcatWebServer  : Tomcat started on port(s): 8080 (http) with context path '/api/items/v1'
2023-05-03T21:00:15.039+02:00  INFO 14108 --- [main] o.s.b.w.embedded.tomcat.TomcatWebServer  : Tomcat initialized with port(s): 8081 (http)
2023-05-03T21:00:15.040+02:00  INFO 14108 --- [main] o.apache.catalina.core.StandardService   : Starting service [Tomcat]
2023-05-03T21:00:15.040+02:00  INFO 14108 --- [main] o.apache.catalina.core.StandardEngine    : Starting Servlet engine: [Apache Tomcat/10.1.8]
2023-05-03T21:00:15.046+02:00  INFO 14108 --- [main] o.a.c.c.C.[Tomcat-1].[localhost].[/]     : Initializing Spring embedded WebApplicationContext
2023-05-03T21:00:15.046+02:00  INFO 14108 --- [main] w.s.c.ServletWebServerApplicationContext : Root WebApplicationContext: initialization completed in 38 ms
2023-05-03T21:00:15.055+02:00  INFO 14108 --- [main] o.s.b.a.e.web.EndpointLinksResolver      : Exposing 16 endpoint(s) beneath base path '/actuator'
2023-05-03T21:00:15.075+02:00  INFO 14108 --- [main] o.s.b.w.embedded.tomcat.TomcatWebServer  : Tomcat started on port(s): 8081 (http) with context path ''
2023-05-03T21:00:15.085+02:00  INFO 14108 --- [main] n.b.k.microservices.items.Application    : Started Application in 2.664 seconds (process running for 2.947)
2023-05-03T21:01:24.636+02:00  INFO 14108 --- [http-nio-8080-exec-1] o.a.c.c.C.[.[localhost].[/api/items/v1]  : Initializing Spring DispatcherServlet 'dispatcherServlet'
2023-05-03T21:01:24.636+02:00  INFO 14108 --- [http-nio-8080-exec-1] o.s.web.servlet.DispatcherServlet        : Initializing Servlet 'dispatcherServlet'
2023-05-03T21:01:24.638+02:00  INFO 14108 --- [http-nio-8080-exec-1] o.s.web.servlet.DispatcherServlet        : Completed initialization in 2 ms
2023-05-03T21:08:19.159+02:00  INFO 14108 --- [SpringApplicationShutdownHook] j.LocalContainerEntityManagerFactoryBean : Closing JPA EntityManagerFactory for persistence unit 'default'
2023-05-03T21:08:19.161+02:00  INFO 14108 --- [SpringApplicationShutdownHook] com.zaxxer.hikari.HikariDataSource       : HikariPool-1 - Shutdown initiated...
2023-05-03T21:08:19.165+02:00  INFO 14108 --- [SpringApplicationShutdownHook] com.zaxxer.hikari.HikariDataSource       : HikariPool-1 - Shutdown completed.
2023-05-03T21:09:18.886+02:00  INFO 14454 --- [main] n.b.k.microservices.items.Application    : Starting Application using Java 18.0.2 with PID 14454 (/home/bvpelt/Develop/microservice/items/target/classes started by bvpelt in /home/bvpelt/Develop/microservice)
2023-05-03T21:09:18.887+02:00 DEBUG 14454 --- [main] n.b.k.microservices.items.Application    : Running with Spring Boot v3.0.6, Spring v6.0.8
2023-05-03T21:09:18.888+02:00  INFO 14454 --- [main] n.b.k.microservices.items.Application    : No active profile set, falling back to 1 default profile: "default"
2023-05-03T21:09:19.175+02:00  INFO 14454 --- [main] .s.d.r.c.RepositoryConfigurationDelegate : Bootstrapping Spring Data JPA repositories in DEFAULT mode.
2023-05-03T21:09:19.197+02:00  INFO 14454 --- [main] .s.d.r.c.RepositoryConfigurationDelegate : Finished Spring Data repository scanning in 17 ms. Found 1 JPA repository interfaces.
2023-05-03T21:09:19.601+02:00  INFO 14454 --- [main] o.s.b.w.embedded.tomcat.TomcatWebServer  : Tomcat initialized with port(s): 8080 (http)
2023-05-03T21:09:19.605+02:00  INFO 14454 --- [main] o.apache.catalina.core.StandardService   : Starting service [Tomcat]
2023-05-03T21:09:19.605+02:00  INFO 14454 --- [main] o.apache.catalina.core.StandardEngine    : Starting Servlet engine: [Apache Tomcat/10.1.8]
2023-05-03T21:09:19.644+02:00  INFO 14454 --- [main] o.a.c.c.C.[.[localhost].[/api/items/v1]  : Initializing Spring embedded WebApplicationContext
2023-05-03T21:09:19.644+02:00  INFO 14454 --- [main] w.s.c.ServletWebServerApplicationContext : Root WebApplicationContext: initialization completed in 722 ms
2023-05-03T21:09:19.738+02:00  INFO 14454 --- [main] com.zaxxer.hikari.HikariDataSource       : HikariPool-1 - Starting...
2023-05-03T21:09:19.883+02:00  INFO 14454 --- [main] com.zaxxer.hikari.pool.HikariPool        : HikariPool-1 - Added connection org.postgresql.jdbc.PgConnection@2a5abd3c
2023-05-03T21:09:19.884+02:00  INFO 14454 --- [main] com.zaxxer.hikari.HikariDataSource       : HikariPool-1 - Start completed.
2023-05-03T21:09:19.960+02:00  INFO 14454 --- [main] liquibase.database                       : Set default schema name to public
2023-05-03T21:09:20.075+02:00  INFO 14454 --- [main] liquibase.lockservice                    : Successfully acquired change log lock
2023-05-03T21:09:20.187+02:00  INFO 14454 --- [main] liquibase.changelog                      : Reading from public.databasechangelog
2023-05-03T21:09:20.222+02:00  INFO 14454 --- [main] liquibase.lockservice                    : Successfully released change log lock
2023-05-03T21:09:20.263+02:00  INFO 14454 --- [main] o.hibernate.jpa.internal.util.LogHelper  : HHH000204: Processing PersistenceUnitInfo [name: default]
2023-05-03T21:09:20.287+02:00  INFO 14454 --- [main] org.hibernate.Version                    : HHH000412: Hibernate ORM core version 6.1.7.Final
2023-05-03T21:09:20.419+02:00  INFO 14454 --- [main] SQL dialect                              : HHH000400: Using dialect: org.hibernate.dialect.PostgreSQLDialect
2023-05-03T21:09:20.760+02:00  INFO 14454 --- [main] o.h.e.t.j.p.i.JtaPlatformInitiator       : HHH000490: Using JtaPlatform implementation: [org.hibernate.engine.transaction.jta.platform.internal.NoJtaPlatform]
2023-05-03T21:09:20.765+02:00  INFO 14454 --- [main] j.LocalContainerEntityManagerFactoryBean : Initialized JPA EntityManagerFactory for persistence unit 'default'
2023-05-03T21:09:21.214+02:00  INFO 14454 --- [main] o.s.b.w.embedded.tomcat.TomcatWebServer  : Tomcat started on port(s): 8080 (http) with context path '/api/items/v1'
2023-05-03T21:09:21.246+02:00  INFO 14454 --- [main] o.s.b.w.embedded.tomcat.TomcatWebServer  : Tomcat initialized with port(s): 8081 (http)
2023-05-03T21:09:21.247+02:00  INFO 14454 --- [main] o.apache.catalina.core.StandardService   : Starting service [Tomcat]
2023-05-03T21:09:21.247+02:00  INFO 14454 --- [main] o.apache.catalina.core.StandardEngine    : Starting Servlet engine: [Apache Tomcat/10.1.8]
2023-05-03T21:09:21.253+02:00  INFO 14454 --- [main] o.a.c.c.C.[Tomcat-1].[localhost].[/]     : Initializing Spring embedded WebApplicationContext
2023-05-03T21:09:21.253+02:00  INFO 14454 --- [main] w.s.c.ServletWebServerApplicationContext : Root WebApplicationContext: initialization completed in 37 ms
2023-05-03T21:09:21.261+02:00  INFO 14454 --- [main] o.s.b.a.e.web.EndpointLinksResolver      : Exposing 16 endpoint(s) beneath base path '/actuator'
2023-05-03T21:09:21.282+02:00  INFO 14454 --- [main] o.s.b.w.embedded.tomcat.TomcatWebServer  : Tomcat started on port(s): 8081 (http) with context path ''
2023-05-03T21:09:21.291+02:00  INFO 14454 --- [main] n.b.k.microservices.items.Application    : Started Application in 2.662 seconds (process running for 2.936)
2023-05-03T21:09:27.618+02:00  INFO 14454 --- [http-nio-8080-exec-1] o.a.c.c.C.[.[localhost].[/api/items/v1]  : Initializing Spring DispatcherServlet 'dispatcherServlet'
2023-05-03T21:09:27.619+02:00  INFO 14454 --- [http-nio-8080-exec-1] o.s.web.servlet.DispatcherServlet        : Initializing Servlet 'dispatcherServlet'
2023-05-03T21:09:27.620+02:00  INFO 14454 --- [http-nio-8080-exec-1] o.s.web.servlet.DispatcherServlet        : Completed initialization in 1 ms
2023-05-03T21:09:32.217+02:00  WARN 14454 --- [http-nio-8080-exec-2] n.b.k.m.items.service.ItemService        : Item with id: 1 not found - could not be deleted
2023-05-03T21:09:48.535+02:00  WARN 14454 --- [http-nio-8080-exec-4] n.b.k.m.items.service.ItemService        : Item with id: 1 not found - could not be deleted
2023-05-03T21:09:49.815+02:00  WARN 14454 --- [http-nio-8080-exec-6] n.b.k.m.items.service.ItemService        : Item with id: 1 not found - could not be deleted
2023-05-03T21:09:51.438+02:00  WARN 14454 --- [http-nio-8080-exec-8] n.b.k.m.items.service.ItemService        : Item with id: 1 not found - could not be deleted
2023-05-03T21:09:53.310+02:00  WARN 14454 --- [http-nio-8080-exec-10] n.b.k.m.items.service.ItemService        : Item with id: 1 not found - could not be deleted
2023-05-03T21:11:26.284+02:00  WARN 14454 --- [http-nio-8080-exec-2] n.b.k.m.items.service.ItemService        : Item with id: 1 not found - could not be deleted
2023-05-03T21:11:28.895+02:00  WARN 14454 --- [http-nio-8080-exec-4] n.b.k.m.items.service.ItemService        : Item with id: 1 not found - could not be deleted
2023-05-03T21:11:30.797+02:00  WARN 14454 --- [http-nio-8080-exec-6] n.b.k.m.items.service.ItemService        : Item with id: 2 not found - could not be deleted
2023-05-03T21:11:31.959+02:00  WARN 14454 --- [http-nio-8080-exec-8] n.b.k.m.items.service.ItemService        : Item with id: 2 not found - could not be deleted
2023-05-03T21:11:33.543+02:00  WARN 14454 --- [http-nio-8080-exec-10] n.b.k.m.items.service.ItemService        : Item with id: 3 not found - could not be deleted
2023-05-03T21:18:21.719+02:00  INFO 14454 --- [SpringApplicationShutdownHook] j.LocalContainerEntityManagerFactoryBean : Closing JPA EntityManagerFactory for persistence unit 'default'
2023-05-03T21:18:21.725+02:00  INFO 14454 --- [SpringApplicationShutdownHook] com.zaxxer.hikari.HikariDataSource       : HikariPool-1 - Shutdown initiated...
2023-05-03T21:18:21.735+02:00  INFO 14454 --- [SpringApplicationShutdownHook] com.zaxxer.hikari.HikariDataSource       : HikariPool-1 - Shutdown completed.
2023-05-03T21:18:25.553+02:00  INFO 14817 --- [main] n.b.k.microservices.items.Application    : Starting Application using Java 18.0.2 with PID 14817 (/home/bvpelt/Develop/microservice/items/target/classes started by bvpelt in /home/bvpelt/Develop/microservice)
2023-05-03T21:18:25.554+02:00 DEBUG 14817 --- [main] n.b.k.microservices.items.Application    : Running with Spring Boot v3.0.6, Spring v6.0.8
2023-05-03T21:18:25.554+02:00  INFO 14817 --- [main] n.b.k.microservices.items.Application    : No active profile set, falling back to 1 default profile: "default"
2023-05-03T21:18:25.843+02:00  INFO 14817 --- [main] .s.d.r.c.RepositoryConfigurationDelegate : Bootstrapping Spring Data JPA repositories in DEFAULT mode.
2023-05-03T21:18:25.865+02:00  INFO 14817 --- [main] .s.d.r.c.RepositoryConfigurationDelegate : Finished Spring Data repository scanning in 18 ms. Found 1 JPA repository interfaces.
2023-05-03T21:18:26.274+02:00  INFO 14817 --- [main] o.s.b.w.embedded.tomcat.TomcatWebServer  : Tomcat initialized with port(s): 8080 (http)
2023-05-03T21:18:26.278+02:00  INFO 14817 --- [main] o.apache.catalina.core.StandardService   : Starting service [Tomcat]
2023-05-03T21:18:26.279+02:00  INFO 14817 --- [main] o.apache.catalina.core.StandardEngine    : Starting Servlet engine: [Apache Tomcat/10.1.8]
2023-05-03T21:18:26.318+02:00  INFO 14817 --- [main] o.a.c.c.C.[.[localhost].[/api/items/v1]  : Initializing Spring embedded WebApplicationContext
2023-05-03T21:18:26.318+02:00  INFO 14817 --- [main] w.s.c.ServletWebServerApplicationContext : Root WebApplicationContext: initialization completed in 732 ms
2023-05-03T21:18:26.411+02:00  INFO 14817 --- [main] com.zaxxer.hikari.HikariDataSource       : HikariPool-1 - Starting...
2023-05-03T21:18:26.556+02:00  INFO 14817 --- [main] com.zaxxer.hikari.pool.HikariPool        : HikariPool-1 - Added connection org.postgresql.jdbc.PgConnection@424f02b8
2023-05-03T21:18:26.557+02:00  INFO 14817 --- [main] com.zaxxer.hikari.HikariDataSource       : HikariPool-1 - Start completed.
2023-05-03T21:18:26.637+02:00  INFO 14817 --- [main] liquibase.database                       : Set default schema name to public
2023-05-03T21:18:26.686+02:00  INFO 14817 --- [main] liquibase.lockservice                    : Successfully acquired change log lock
2023-05-03T21:18:26.801+02:00  INFO 14817 --- [main] liquibase.changelog                      : Reading from public.databasechangelog
2023-05-03T21:18:26.835+02:00  INFO 14817 --- [main] liquibase.lockservice                    : Successfully released change log lock
2023-05-03T21:18:26.877+02:00  INFO 14817 --- [main] o.hibernate.jpa.internal.util.LogHelper  : HHH000204: Processing PersistenceUnitInfo [name: default]
2023-05-03T21:18:26.898+02:00  INFO 14817 --- [main] org.hibernate.Version                    : HHH000412: Hibernate ORM core version 6.1.7.Final
2023-05-03T21:18:27.033+02:00  INFO 14817 --- [main] SQL dialect                              : HHH000400: Using dialect: org.hibernate.dialect.PostgreSQLDialect
2023-05-03T21:18:27.382+02:00  INFO 14817 --- [main] o.h.e.t.j.p.i.JtaPlatformInitiator       : HHH000490: Using JtaPlatform implementation: [org.hibernate.engine.transaction.jta.platform.internal.NoJtaPlatform]
2023-05-03T21:18:27.387+02:00  INFO 14817 --- [main] j.LocalContainerEntityManagerFactoryBean : Initialized JPA EntityManagerFactory for persistence unit 'default'
2023-05-03T21:18:27.848+02:00  INFO 14817 --- [main] o.s.b.w.embedded.tomcat.TomcatWebServer  : Tomcat started on port(s): 8080 (http) with context path '/api/items/v1'
2023-05-03T21:18:27.879+02:00  INFO 14817 --- [main] o.s.b.w.embedded.tomcat.TomcatWebServer  : Tomcat initialized with port(s): 8081 (http)
2023-05-03T21:18:27.880+02:00  INFO 14817 --- [main] o.apache.catalina.core.StandardService   : Starting service [Tomcat]
2023-05-03T21:18:27.880+02:00  INFO 14817 --- [main] o.apache.catalina.core.StandardEngine    : Starting Servlet engine: [Apache Tomcat/10.1.8]
2023-05-03T21:18:27.886+02:00  INFO 14817 --- [main] o.a.c.c.C.[Tomcat-1].[localhost].[/]     : Initializing Spring embedded WebApplicationContext
2023-05-03T21:18:27.886+02:00  INFO 14817 --- [main] w.s.c.ServletWebServerApplicationContext : Root WebApplicationContext: initialization completed in 36 ms
2023-05-03T21:18:27.895+02:00  INFO 14817 --- [main] o.s.b.a.e.web.EndpointLinksResolver      : Exposing 16 endpoint(s) beneath base path '/actuator'
2023-05-03T21:18:27.915+02:00  INFO 14817 --- [main] o.s.b.w.embedded.tomcat.TomcatWebServer  : Tomcat started on port(s): 8081 (http) with context path ''
2023-05-03T21:18:27.924+02:00  INFO 14817 --- [main] n.b.k.microservices.items.Application    : Started Application in 2.62 seconds (process running for 2.88)
2023-05-03T21:18:33.513+02:00  INFO 14817 --- [http-nio-8080-exec-1] o.a.c.c.C.[.[localhost].[/api/items/v1]  : Initializing Spring DispatcherServlet 'dispatcherServlet'
2023-05-03T21:18:33.513+02:00  INFO 14817 --- [http-nio-8080-exec-1] o.s.web.servlet.DispatcherServlet        : Initializing Servlet 'dispatcherServlet'
2023-05-03T21:18:33.514+02:00  INFO 14817 --- [http-nio-8080-exec-1] o.s.web.servlet.DispatcherServlet        : Completed initialization in 1 ms
2023-05-03T21:21:24.266+02:00  INFO 14817 --- [SpringApplicationShutdownHook] j.LocalContainerEntityManagerFactoryBean : Closing JPA EntityManagerFactory for persistence unit 'default'
2023-05-03T21:21:24.267+02:00  INFO 14817 --- [SpringApplicationShutdownHook] com.zaxxer.hikari.HikariDataSource       : HikariPool-1 - Shutdown initiated...
2023-05-03T21:21:24.271+02:00  INFO 14817 --- [SpringApplicationShutdownHook] com.zaxxer.hikari.HikariDataSource       : HikariPool-1 - Shutdown completed.
2023-05-03T21:23:58.536+02:00  INFO 15095 --- [main] n.b.k.microservices.items.Application    : Starting Application using Java 18.0.2 with PID 15095 (/home/bvpelt/Develop/microservice/items/target/classes started by bvpelt in /home/bvpelt/Develop/microservice)
2023-05-03T21:23:58.537+02:00 DEBUG 15095 --- [main] n.b.k.microservices.items.Application    : Running with Spring Boot v3.0.6, Spring v6.0.8
2023-05-03T21:23:58.537+02:00  INFO 15095 --- [main] n.b.k.microservices.items.Application    : No active profile set, falling back to 1 default profile: "default"
2023-05-03T21:23:58.827+02:00  INFO 15095 --- [main] .s.d.r.c.RepositoryConfigurationDelegate : Bootstrapping Spring Data JPA repositories in DEFAULT mode.
2023-05-03T21:23:58.848+02:00  INFO 15095 --- [main] .s.d.r.c.RepositoryConfigurationDelegate : Finished Spring Data repository scanning in 17 ms. Found 1 JPA repository interfaces.
2023-05-03T21:23:59.254+02:00  INFO 15095 --- [main] o.s.b.w.embedded.tomcat.TomcatWebServer  : Tomcat initialized with port(s): 8080 (http)
2023-05-03T21:23:59.258+02:00  INFO 15095 --- [main] o.apache.catalina.core.StandardService   : Starting service [Tomcat]
2023-05-03T21:23:59.258+02:00  INFO 15095 --- [main] o.apache.catalina.core.StandardEngine    : Starting Servlet engine: [Apache Tomcat/10.1.8]
2023-05-03T21:23:59.297+02:00  INFO 15095 --- [main] o.a.c.c.C.[.[localhost].[/api/items/v1]  : Initializing Spring embedded WebApplicationContext
2023-05-03T21:23:59.298+02:00  INFO 15095 --- [main] w.s.c.ServletWebServerApplicationContext : Root WebApplicationContext: initialization completed in 730 ms
2023-05-03T21:23:59.390+02:00  INFO 15095 --- [main] com.zaxxer.hikari.HikariDataSource       : HikariPool-1 - Starting...
2023-05-03T21:23:59.537+02:00  INFO 15095 --- [main] com.zaxxer.hikari.pool.HikariPool        : HikariPool-1 - Added connection org.postgresql.jdbc.PgConnection@53d30d23
2023-05-03T21:23:59.538+02:00  INFO 15095 --- [main] com.zaxxer.hikari.HikariDataSource       : HikariPool-1 - Start completed.
2023-05-03T21:23:59.614+02:00  INFO 15095 --- [main] liquibase.database                       : Set default schema name to public
2023-05-03T21:23:59.665+02:00  INFO 15095 --- [main] liquibase.lockservice                    : Successfully acquired change log lock
2023-05-03T21:23:59.782+02:00  INFO 15095 --- [main] liquibase.changelog                      : Reading from public.databasechangelog
2023-05-03T21:23:59.815+02:00  INFO 15095 --- [main] liquibase.lockservice                    : Successfully released change log lock
2023-05-03T21:23:59.855+02:00  INFO 15095 --- [main] o.hibernate.jpa.internal.util.LogHelper  : HHH000204: Processing PersistenceUnitInfo [name: default]
2023-05-03T21:23:59.876+02:00  INFO 15095 --- [main] org.hibernate.Version                    : HHH000412: Hibernate ORM core version 6.1.7.Final
2023-05-03T21:24:00.007+02:00  INFO 15095 --- [main] SQL dialect                              : HHH000400: Using dialect: org.hibernate.dialect.PostgreSQLDialect
2023-05-03T21:24:00.362+02:00  INFO 15095 --- [main] o.h.e.t.j.p.i.JtaPlatformInitiator       : HHH000490: Using JtaPlatform implementation: [org.hibernate.engine.transaction.jta.platform.internal.NoJtaPlatform]
2023-05-03T21:24:00.367+02:00  INFO 15095 --- [main] j.LocalContainerEntityManagerFactoryBean : Initialized JPA EntityManagerFactory for persistence unit 'default'
2023-05-03T21:24:00.837+02:00  INFO 15095 --- [main] o.s.b.w.embedded.tomcat.TomcatWebServer  : Tomcat started on port(s): 8080 (http) with context path '/api/items/v1'
2023-05-03T21:24:00.869+02:00  INFO 15095 --- [main] o.s.b.w.embedded.tomcat.TomcatWebServer  : Tomcat initialized with port(s): 8081 (http)
2023-05-03T21:24:00.870+02:00  INFO 15095 --- [main] o.apache.catalina.core.StandardService   : Starting service [Tomcat]
2023-05-03T21:24:00.870+02:00  INFO 15095 --- [main] o.apache.catalina.core.StandardEngine    : Starting Servlet engine: [Apache Tomcat/10.1.8]
2023-05-03T21:24:00.876+02:00  INFO 15095 --- [main] o.a.c.c.C.[Tomcat-1].[localhost].[/]     : Initializing Spring embedded WebApplicationContext
2023-05-03T21:24:00.876+02:00  INFO 15095 --- [main] w.s.c.ServletWebServerApplicationContext : Root WebApplicationContext: initialization completed in 38 ms
2023-05-03T21:24:00.884+02:00  INFO 15095 --- [main] o.s.b.a.e.web.EndpointLinksResolver      : Exposing 16 endpoint(s) beneath base path '/actuator'
2023-05-03T21:24:00.905+02:00  INFO 15095 --- [main] o.s.b.w.embedded.tomcat.TomcatWebServer  : Tomcat started on port(s): 8081 (http) with context path ''
2023-05-03T21:24:00.915+02:00  INFO 15095 --- [main] n.b.k.microservices.items.Application    : Started Application in 2.634 seconds (process running for 2.9)
2023-05-03T21:24:15.366+02:00  INFO 15095 --- [http-nio-8080-exec-1] o.a.c.c.C.[.[localhost].[/api/items/v1]  : Initializing Spring DispatcherServlet 'dispatcherServlet'
2023-05-03T21:24:15.367+02:00  INFO 15095 --- [http-nio-8080-exec-1] o.s.web.servlet.DispatcherServlet        : Initializing Servlet 'dispatcherServlet'
2023-05-03T21:24:15.368+02:00  INFO 15095 --- [http-nio-8080-exec-1] o.s.web.servlet.DispatcherServlet        : Completed initialization in 1 ms
2023-05-03T21:24:28.938+02:00 ERROR 15095 --- [http-nio-8080-exec-2] o.a.c.c.C.[.[.[.[dispatcherServlet]      : Servlet.service() for servlet [dispatcherServlet] in context with path [/api/items/v1] threw exception [Request processing failed: jakarta.validation.ConstraintViolationException: Validation failed for classes [nl.bsoft.kerk.microservices.items.model.Item] during persist time for groups [jakarta.validation.groups.Default, ]
List of constraint violations:[
	ConstraintViolationImpl{interpolatedMessage='must not be null', propertyPath=title, rootBeanClass=class nl.bsoft.kerk.microservices.items.model.Item, messageTemplate='{jakarta.validation.constraints.NotNull.message}'}
]] with root cause

jakarta.validation.ConstraintViolationException: Validation failed for classes [nl.bsoft.kerk.microservices.items.model.Item] during persist time for groups [jakarta.validation.groups.Default, ]
List of constraint violations:[
	ConstraintViolationImpl{interpolatedMessage='must not be null', propertyPath=title, rootBeanClass=class nl.bsoft.kerk.microservices.items.model.Item, messageTemplate='{jakarta.validation.constraints.NotNull.message}'}
]
	at org.hibernate.cfg.beanvalidation.BeanValidationEventListener.validate(BeanValidationEventListener.java:148) ~[hibernate-core-6.1.7.Final.jar:6.1.7.Final]
	at org.hibernate.cfg.beanvalidation.BeanValidationEventListener.onPreInsert(BeanValidationEventListener.java:80) ~[hibernate-core-6.1.7.Final.jar:6.1.7.Final]
	at org.hibernate.action.internal.EntityIdentityInsertAction.preInsert(EntityIdentityInsertAction.java:184) ~[hibernate-core-6.1.7.Final.jar:6.1.7.Final]
	at org.hibernate.action.internal.EntityIdentityInsertAction.execute(EntityIdentityInsertAction.java:74) ~[hibernate-core-6.1.7.Final.jar:6.1.7.Final]
	at org.hibernate.engine.spi.ActionQueue.execute(ActionQueue.java:653) ~[hibernate-core-6.1.7.Final.jar:6.1.7.Final]
	at org.hibernate.engine.spi.ActionQueue.addResolvedEntityInsertAction(ActionQueue.java:283) ~[hibernate-core-6.1.7.Final.jar:6.1.7.Final]
	at org.hibernate.engine.spi.ActionQueue.addInsertAction(ActionQueue.java:264) ~[hibernate-core-6.1.7.Final.jar:6.1.7.Final]
	at org.hibernate.engine.spi.ActionQueue.addAction(ActionQueue.java:322) ~[hibernate-core-6.1.7.Final.jar:6.1.7.Final]
	at org.hibernate.event.internal.AbstractSaveEventListener.addInsertAction(AbstractSaveEventListener.java:340) ~[hibernate-core-6.1.7.Final.jar:6.1.7.Final]
	at org.hibernate.event.internal.AbstractSaveEventListener.performSaveOrReplicate(AbstractSaveEventListener.java:286) ~[hibernate-core-6.1.7.Final.jar:6.1.7.Final]
	at org.hibernate.event.internal.AbstractSaveEventListener.performSave(AbstractSaveEventListener.java:192) ~[hibernate-core-6.1.7.Final.jar:6.1.7.Final]
	at org.hibernate.event.internal.AbstractSaveEventListener.saveWithGeneratedId(AbstractSaveEventListener.java:122) ~[hibernate-core-6.1.7.Final.jar:6.1.7.Final]
	at org.hibernate.event.internal.DefaultMergeEventListener.saveTransientEntity(DefaultMergeEventListener.java:309) ~[hibernate-core-6.1.7.Final.jar:6.1.7.Final]
	at org.hibernate.event.internal.DefaultMergeEventListener.entityIsTransient(DefaultMergeEventListener.java:249) ~[hibernate-core-6.1.7.Final.jar:6.1.7.Final]
	at org.hibernate.event.internal.DefaultMergeEventListener.entityIsDetached(DefaultMergeEventListener.java:356) ~[hibernate-core-6.1.7.Final.jar:6.1.7.Final]
	at org.hibernate.event.internal.DefaultMergeEventListener.onMerge(DefaultMergeEventListener.java:178) ~[hibernate-core-6.1.7.Final.jar:6.1.7.Final]
	at org.hibernate.event.internal.DefaultMergeEventListener.onMerge(DefaultMergeEventListener.java:81) ~[hibernate-core-6.1.7.Final.jar:6.1.7.Final]
	at org.hibernate.event.service.internal.EventListenerGroupImpl.fireEventOnEachListener(EventListenerGroupImpl.java:107) ~[hibernate-core-6.1.7.Final.jar:6.1.7.Final]
	at org.hibernate.internal.SessionImpl.fireMerge(SessionImpl.java:830) ~[hibernate-core-6.1.7.Final.jar:6.1.7.Final]
	at org.hibernate.internal.SessionImpl.merge(SessionImpl.java:816) ~[hibernate-core-6.1.7.Final.jar:6.1.7.Final]
	at java.base/jdk.internal.reflect.DirectMethodHandleAccessor.invoke(DirectMethodHandleAccessor.java:104) ~[na:na]
	at java.base/java.lang.reflect.Method.invoke(Method.java:577) ~[na:na]
	at org.springframework.orm.jpa.SharedEntityManagerCreator$SharedEntityManagerInvocationHandler.invoke(SharedEntityManagerCreator.java:311) ~[spring-orm-6.0.8.jar:6.0.8]
	at jdk.proxy2/jdk.proxy2.$Proxy138.merge(Unknown Source) ~[na:na]
	at org.springframework.data.jpa.repository.support.SimpleJpaRepository.save(SimpleJpaRepository.java:613) ~[spring-data-jpa-3.0.5.jar:3.0.5]
	at java.base/jdk.internal.reflect.DirectMethodHandleAccessor.invoke(DirectMethodHandleAccessor.java:104) ~[na:na]
	at java.base/java.lang.reflect.Method.invoke(Method.java:577) ~[na:na]
	at org.springframework.data.repository.core.support.RepositoryMethodInvoker$RepositoryFragmentMethodInvoker.lambda$new$0(RepositoryMethodInvoker.java:288) ~[spring-data-commons-3.0.5.jar:3.0.5]
	at org.springframework.data.repository.core.support.RepositoryMethodInvoker.doInvoke(RepositoryMethodInvoker.java:136) ~[spring-data-commons-3.0.5.jar:3.0.5]
	at org.springframework.data.repository.core.support.RepositoryMethodInvoker.invoke(RepositoryMethodInvoker.java:120) ~[spring-data-commons-3.0.5.jar:3.0.5]
	at org.springframework.data.repository.core.support.RepositoryComposition$RepositoryFragments.invoke(RepositoryComposition.java:516) ~[spring-data-commons-3.0.5.jar:3.0.5]
	at org.springframework.data.repository.core.support.RepositoryComposition.invoke(RepositoryComposition.java:285) ~[spring-data-commons-3.0.5.jar:3.0.5]
	at org.springframework.data.repository.core.support.RepositoryFactorySupport$ImplementationMethodExecutionInterceptor.invoke(RepositoryFactorySupport.java:628) ~[spring-data-commons-3.0.5.jar:3.0.5]
	at org.springframework.aop.framework.ReflectiveMethodInvocation.proceed(ReflectiveMethodInvocation.java:184) ~[spring-aop-6.0.8.jar:6.0.8]
	at org.springframework.data.repository.core.support.QueryExecutorMethodInterceptor.doInvoke(QueryExecutorMethodInterceptor.java:168) ~[spring-data-commons-3.0.5.jar:3.0.5]
	at org.springframework.data.repository.core.support.QueryExecutorMethodInterceptor.invoke(QueryExecutorMethodInterceptor.java:143) ~[spring-data-commons-3.0.5.jar:3.0.5]
	at org.springframework.aop.framework.ReflectiveMethodInvocation.proceed(ReflectiveMethodInvocation.java:184) ~[spring-aop-6.0.8.jar:6.0.8]
	at org.springframework.data.projection.DefaultMethodInvokingMethodInterceptor.invoke(DefaultMethodInvokingMethodInterceptor.java:77) ~[spring-data-commons-3.0.5.jar:3.0.5]
	at org.springframework.aop.framework.ReflectiveMethodInvocation.proceed(ReflectiveMethodInvocation.java:184) ~[spring-aop-6.0.8.jar:6.0.8]
	at org.springframework.transaction.interceptor.TransactionInterceptor$1.proceedWithInvocation(TransactionInterceptor.java:123) ~[spring-tx-6.0.8.jar:6.0.8]
	at org.springframework.transaction.interceptor.TransactionAspectSupport.invokeWithinTransaction(TransactionAspectSupport.java:391) ~[spring-tx-6.0.8.jar:6.0.8]
	at org.springframework.transaction.interceptor.TransactionInterceptor.invoke(TransactionInterceptor.java:119) ~[spring-tx-6.0.8.jar:6.0.8]
	at org.springframework.aop.framework.ReflectiveMethodInvocation.proceed(ReflectiveMethodInvocation.java:184) ~[spring-aop-6.0.8.jar:6.0.8]
	at org.springframework.dao.support.PersistenceExceptionTranslationInterceptor.invoke(PersistenceExceptionTranslationInterceptor.java:137) ~[spring-tx-6.0.8.jar:6.0.8]
	at org.springframework.aop.framework.ReflectiveMethodInvocation.proceed(ReflectiveMethodInvocation.java:184) ~[spring-aop-6.0.8.jar:6.0.8]
	at org.springframework.data.jpa.repository.support.CrudMethodMetadataPostProcessor$CrudMethodMetadataPopulatingMethodInterceptor.invoke(CrudMethodMetadataPostProcessor.java:163) ~[spring-data-jpa-3.0.5.jar:3.0.5]
	at org.springframework.aop.framework.ReflectiveMethodInvocation.proceed(ReflectiveMethodInvocation.java:184) ~[spring-aop-6.0.8.jar:6.0.8]
	at org.springframework.aop.interceptor.ExposeInvocationInterceptor.invoke(ExposeInvocationInterceptor.java:97) ~[spring-aop-6.0.8.jar:6.0.8]
	at org.springframework.aop.framework.ReflectiveMethodInvocation.proceed(ReflectiveMethodInvocation.java:184) ~[spring-aop-6.0.8.jar:6.0.8]
	at org.springframework.aop.framework.JdkDynamicAopProxy.invoke(JdkDynamicAopProxy.java:223) ~[spring-aop-6.0.8.jar:6.0.8]
	at jdk.proxy2/jdk.proxy2.$Proxy140.save(Unknown Source) ~[na:na]
	at nl.bsoft.kerk.microservices.items.service.ItemService.addItem(ItemService.java:27) ~[classes/:na]
	at nl.bsoft.kerk.microservices.items.controller.ItemController.addItem(ItemController.java:42) ~[classes/:na]
	at java.base/jdk.internal.reflect.DirectMethodHandleAccessor.invoke(DirectMethodHandleAccessor.java:104) ~[na:na]
	at java.base/java.lang.reflect.Method.invoke(Method.java:577) ~[na:na]
	at org.springframework.web.method.support.InvocableHandlerMethod.doInvoke(InvocableHandlerMethod.java:207) ~[spring-web-6.0.8.jar:6.0.8]
	at org.springframework.web.method.support.InvocableHandlerMethod.invokeForRequest(InvocableHandlerMethod.java:152) ~[spring-web-6.0.8.jar:6.0.8]
	at org.springframework.web.servlet.mvc.method.annotation.ServletInvocableHandlerMethod.invokeAndHandle(ServletInvocableHandlerMethod.java:118) ~[spring-webmvc-6.0.8.jar:6.0.8]
	at org.springframework.web.servlet.mvc.method.annotation.RequestMappingHandlerAdapter.invokeHandlerMethod(RequestMappingHandlerAdapter.java:884) ~[spring-webmvc-6.0.8.jar:6.0.8]
	at org.springframework.web.servlet.mvc.method.annotation.RequestMappingHandlerAdapter.handleInternal(RequestMappingHandlerAdapter.java:797) ~[spring-webmvc-6.0.8.jar:6.0.8]
	at org.springframework.web.servlet.mvc.method.AbstractHandlerMethodAdapter.handle(AbstractHandlerMethodAdapter.java:87) ~[spring-webmvc-6.0.8.jar:6.0.8]
	at org.springframework.web.servlet.DispatcherServlet.doDispatch(DispatcherServlet.java:1081) ~[spring-webmvc-6.0.8.jar:6.0.8]
	at org.springframework.web.servlet.DispatcherServlet.doService(DispatcherServlet.java:974) ~[spring-webmvc-6.0.8.jar:6.0.8]
	at org.springframework.web.servlet.FrameworkServlet.processRequest(FrameworkServlet.java:1011) ~[spring-webmvc-6.0.8.jar:6.0.8]
	at org.springframework.web.servlet.FrameworkServlet.doPost(FrameworkServlet.java:914) ~[spring-webmvc-6.0.8.jar:6.0.8]
	at jakarta.servlet.http.HttpServlet.service(HttpServlet.java:590) ~[tomcat-embed-core-10.1.8.jar:6.0]
	at org.springframework.web.servlet.FrameworkServlet.service(FrameworkServlet.java:885) ~[spring-webmvc-6.0.8.jar:6.0.8]
	at jakarta.servlet.http.HttpServlet.service(HttpServlet.java:658) ~[tomcat-embed-core-10.1.8.jar:6.0]
	at org.apache.catalina.core.ApplicationFilterChain.internalDoFilter(ApplicationFilterChain.java:205) ~[tomcat-embed-core-10.1.8.jar:10.1.8]
	at org.apache.catalina.core.ApplicationFilterChain.doFilter(ApplicationFilterChain.java:149) ~[tomcat-embed-core-10.1.8.jar:10.1.8]
	at org.apache.tomcat.websocket.server.WsFilter.doFilter(WsFilter.java:51) ~[tomcat-embed-websocket-10.1.8.jar:10.1.8]
	at org.apache.catalina.core.ApplicationFilterChain.internalDoFilter(ApplicationFilterChain.java:174) ~[tomcat-embed-core-10.1.8.jar:10.1.8]
	at org.apache.catalina.core.ApplicationFilterChain.doFilter(ApplicationFilterChain.java:149) ~[tomcat-embed-core-10.1.8.jar:10.1.8]
	at org.springframework.web.filter.RequestContextFilter.doFilterInternal(RequestContextFilter.java:100) ~[spring-web-6.0.8.jar:6.0.8]
	at org.springframework.web.filter.OncePerRequestFilter.doFilter(OncePerRequestFilter.java:116) ~[spring-web-6.0.8.jar:6.0.8]
	at org.apache.catalina.core.ApplicationFilterChain.internalDoFilter(ApplicationFilterChain.java:174) ~[tomcat-embed-core-10.1.8.jar:10.1.8]
	at org.apache.catalina.core.ApplicationFilterChain.doFilter(ApplicationFilterChain.java:149) ~[tomcat-embed-core-10.1.8.jar:10.1.8]
	at org.springframework.web.filter.FormContentFilter.doFilterInternal(FormContentFilter.java:93) ~[spring-web-6.0.8.jar:6.0.8]
	at org.springframework.web.filter.OncePerRequestFilter.doFilter(OncePerRequestFilter.java:116) ~[spring-web-6.0.8.jar:6.0.8]
	at org.apache.catalina.core.ApplicationFilterChain.internalDoFilter(ApplicationFilterChain.java:174) ~[tomcat-embed-core-10.1.8.jar:10.1.8]
	at org.apache.catalina.core.ApplicationFilterChain.doFilter(ApplicationFilterChain.java:149) ~[tomcat-embed-core-10.1.8.jar:10.1.8]
	at org.springframework.web.filter.ServerHttpObservationFilter.doFilterInternal(ServerHttpObservationFilter.java:109) ~[spring-web-6.0.8.jar:6.0.8]
	at org.springframework.web.filter.OncePerRequestFilter.doFilter(OncePerRequestFilter.java:116) ~[spring-web-6.0.8.jar:6.0.8]
	at org.apache.catalina.core.ApplicationFilterChain.internalDoFilter(ApplicationFilterChain.java:174) ~[tomcat-embed-core-10.1.8.jar:10.1.8]
	at org.apache.catalina.core.ApplicationFilterChain.doFilter(ApplicationFilterChain.java:149) ~[tomcat-embed-core-10.1.8.jar:10.1.8]
	at org.springframework.web.filter.CharacterEncodingFilter.doFilterInternal(CharacterEncodingFilter.java:201) ~[spring-web-6.0.8.jar:6.0.8]
	at org.springframework.web.filter.OncePerRequestFilter.doFilter(OncePerRequestFilter.java:116) ~[spring-web-6.0.8.jar:6.0.8]
	at org.apache.catalina.core.ApplicationFilterChain.internalDoFilter(ApplicationFilterChain.java:174) ~[tomcat-embed-core-10.1.8.jar:10.1.8]
	at org.apache.catalina.core.ApplicationFilterChain.doFilter(ApplicationFilterChain.java:149) ~[tomcat-embed-core-10.1.8.jar:10.1.8]
	at org.apache.catalina.core.StandardWrapperValve.invoke(StandardWrapperValve.java:166) ~[tomcat-embed-core-10.1.8.jar:10.1.8]
	at org.apache.catalina.core.StandardContextValve.invoke(StandardContextValve.java:90) ~[tomcat-embed-core-10.1.8.jar:10.1.8]
	at org.apache.catalina.authenticator.AuthenticatorBase.invoke(AuthenticatorBase.java:482) ~[tomcat-embed-core-10.1.8.jar:10.1.8]
	at org.apache.catalina.core.StandardHostValve.invoke(StandardHostValve.java:115) ~[tomcat-embed-core-10.1.8.jar:10.1.8]
	at org.apache.catalina.valves.ErrorReportValve.invoke(ErrorReportValve.java:93) ~[tomcat-embed-core-10.1.8.jar:10.1.8]
	at org.apache.catalina.core.StandardEngineValve.invoke(StandardEngineValve.java:74) ~[tomcat-embed-core-10.1.8.jar:10.1.8]
	at org.apache.catalina.connector.CoyoteAdapter.service(CoyoteAdapter.java:341) ~[tomcat-embed-core-10.1.8.jar:10.1.8]
	at org.apache.coyote.http11.Http11Processor.service(Http11Processor.java:390) ~[tomcat-embed-core-10.1.8.jar:10.1.8]
	at org.apache.coyote.AbstractProcessorLight.process(AbstractProcessorLight.java:63) ~[tomcat-embed-core-10.1.8.jar:10.1.8]
	at org.apache.coyote.AbstractProtocol$ConnectionHandler.process(AbstractProtocol.java:894) ~[tomcat-embed-core-10.1.8.jar:10.1.8]
	at org.apache.tomcat.util.net.NioEndpoint$SocketProcessor.doRun(NioEndpoint.java:1741) ~[tomcat-embed-core-10.1.8.jar:10.1.8]
	at org.apache.tomcat.util.net.SocketProcessorBase.run(SocketProcessorBase.java:52) ~[tomcat-embed-core-10.1.8.jar:10.1.8]
	at org.apache.tomcat.util.threads.ThreadPoolExecutor.runWorker(ThreadPoolExecutor.java:1191) ~[tomcat-embed-core-10.1.8.jar:10.1.8]
	at org.apache.tomcat.util.threads.ThreadPoolExecutor$Worker.run(ThreadPoolExecutor.java:659) ~[tomcat-embed-core-10.1.8.jar:10.1.8]
	at org.apache.tomcat.util.threads.TaskThread$WrappingRunnable.run(TaskThread.java:61) ~[tomcat-embed-core-10.1.8.jar:10.1.8]
	at java.base/java.lang.Thread.run(Thread.java:833) ~[na:na]

2023-05-03T21:34:13.609+02:00  INFO 15095 --- [SpringApplicationShutdownHook] j.LocalContainerEntityManagerFactoryBean : Closing JPA EntityManagerFactory for persistence unit 'default'
2023-05-03T21:34:13.610+02:00  INFO 15095 --- [SpringApplicationShutdownHook] com.zaxxer.hikari.HikariDataSource       : HikariPool-1 - Shutdown initiated...
2023-05-03T21:34:13.614+02:00  INFO 15095 --- [SpringApplicationShutdownHook] com.zaxxer.hikari.HikariDataSource       : HikariPool-1 - Shutdown completed.
2023-05-03T21:34:17.266+02:00  INFO 15617 --- [main] n.b.k.microservices.items.Application    : Starting Application using Java 18.0.2 with PID 15617 (/home/bvpelt/Develop/microservice/items/target/classes started by bvpelt in /home/bvpelt/Develop/microservice)
2023-05-03T21:34:17.267+02:00 DEBUG 15617 --- [main] n.b.k.microservices.items.Application    : Running with Spring Boot v3.0.6, Spring v6.0.8
2023-05-03T21:34:17.267+02:00  INFO 15617 --- [main] n.b.k.microservices.items.Application    : No active profile set, falling back to 1 default profile: "default"
2023-05-03T21:34:17.559+02:00  INFO 15617 --- [main] .s.d.r.c.RepositoryConfigurationDelegate : Bootstrapping Spring Data JPA repositories in DEFAULT mode.
2023-05-03T21:34:17.580+02:00  INFO 15617 --- [main] .s.d.r.c.RepositoryConfigurationDelegate : Finished Spring Data repository scanning in 17 ms. Found 1 JPA repository interfaces.
2023-05-03T21:34:17.987+02:00  INFO 15617 --- [main] o.s.b.w.embedded.tomcat.TomcatWebServer  : Tomcat initialized with port(s): 8080 (http)
2023-05-03T21:34:17.991+02:00  INFO 15617 --- [main] o.apache.catalina.core.StandardService   : Starting service [Tomcat]
2023-05-03T21:34:17.991+02:00  INFO 15617 --- [main] o.apache.catalina.core.StandardEngine    : Starting Servlet engine: [Apache Tomcat/10.1.8]
2023-05-03T21:34:18.030+02:00  INFO 15617 --- [main] o.a.c.c.C.[.[localhost].[/api/items/v1]  : Initializing Spring embedded WebApplicationContext
2023-05-03T21:34:18.030+02:00  INFO 15617 --- [main] w.s.c.ServletWebServerApplicationContext : Root WebApplicationContext: initialization completed in 730 ms
2023-05-03T21:34:18.119+02:00  INFO 15617 --- [main] com.zaxxer.hikari.HikariDataSource       : HikariPool-1 - Starting...
2023-05-03T21:34:18.265+02:00  INFO 15617 --- [main] com.zaxxer.hikari.pool.HikariPool        : HikariPool-1 - Added connection org.postgresql.jdbc.PgConnection@3af236d0
2023-05-03T21:34:18.266+02:00  INFO 15617 --- [main] com.zaxxer.hikari.HikariDataSource       : HikariPool-1 - Start completed.
2023-05-03T21:34:18.342+02:00  INFO 15617 --- [main] liquibase.database                       : Set default schema name to public
2023-05-03T21:34:18.397+02:00  INFO 15617 --- [main] liquibase.lockservice                    : Successfully acquired change log lock
2023-05-03T21:34:18.534+02:00  INFO 15617 --- [main] liquibase.changelog                      : Reading from public.databasechangelog
2023-05-03T21:34:18.572+02:00  INFO 15617 --- [main] liquibase.lockservice                    : Successfully released change log lock
2023-05-03T21:34:18.644+02:00  INFO 15617 --- [main] o.hibernate.jpa.internal.util.LogHelper  : HHH000204: Processing PersistenceUnitInfo [name: default]
2023-05-03T21:34:18.665+02:00  INFO 15617 --- [main] org.hibernate.Version                    : HHH000412: Hibernate ORM core version 6.1.7.Final
2023-05-03T21:34:18.800+02:00  INFO 15617 --- [main] SQL dialect                              : HHH000400: Using dialect: org.hibernate.dialect.PostgreSQLDialect
2023-05-03T21:34:19.150+02:00  INFO 15617 --- [main] o.h.e.t.j.p.i.JtaPlatformInitiator       : HHH000490: Using JtaPlatform implementation: [org.hibernate.engine.transaction.jta.platform.internal.NoJtaPlatform]
2023-05-03T21:34:19.154+02:00  INFO 15617 --- [main] j.LocalContainerEntityManagerFactoryBean : Initialized JPA EntityManagerFactory for persistence unit 'default'
2023-05-03T21:34:19.274+02:00  WARN 15617 --- [main] ConfigServletWebServerApplicationContext : Exception encountered during context initialization - cancelling refresh attempt: org.springframework.beans.factory.BeanCreationException: Error creating bean with name 'objectMapper' defined in class path resource [nl/bsoft/kerk/microservices/items/config/JacksonConfig.class]: Failed to instantiate [com.fasterxml.jackson.databind.ObjectMapper]: Factory method 'objectMapper' threw exception with message: class java.time.format.DateTimeFormatter$ClassicFormat cannot be cast to class java.text.DateFormat (java.time.format.DateTimeFormatter$ClassicFormat and java.text.DateFormat are in module java.base of loader 'bootstrap')
2023-05-03T21:34:19.274+02:00  INFO 15617 --- [main] j.LocalContainerEntityManagerFactoryBean : Closing JPA EntityManagerFactory for persistence unit 'default'
2023-05-03T21:34:19.275+02:00  INFO 15617 --- [main] com.zaxxer.hikari.HikariDataSource       : HikariPool-1 - Shutdown initiated...
2023-05-03T21:34:19.278+02:00  INFO 15617 --- [main] com.zaxxer.hikari.HikariDataSource       : HikariPool-1 - Shutdown completed.
2023-05-03T21:34:19.279+02:00  INFO 15617 --- [main] o.apache.catalina.core.StandardService   : Stopping service [Tomcat]
2023-05-03T21:34:19.298+02:00 ERROR 15617 --- [main] o.s.boot.SpringApplication               : Application run failed

org.springframework.beans.factory.BeanCreationException: Error creating bean with name 'objectMapper' defined in class path resource [nl/bsoft/kerk/microservices/items/config/JacksonConfig.class]: Failed to instantiate [com.fasterxml.jackson.databind.ObjectMapper]: Factory method 'objectMapper' threw exception with message: class java.time.format.DateTimeFormatter$ClassicFormat cannot be cast to class java.text.DateFormat (java.time.format.DateTimeFormatter$ClassicFormat and java.text.DateFormat are in module java.base of loader 'bootstrap')
	at org.springframework.beans.factory.support.ConstructorResolver.instantiate(ConstructorResolver.java:659) ~[spring-beans-6.0.8.jar:6.0.8]
	at org.springframework.beans.factory.support.ConstructorResolver.instantiateUsingFactoryMethod(ConstructorResolver.java:493) ~[spring-beans-6.0.8.jar:6.0.8]
	at org.springframework.beans.factory.support.AbstractAutowireCapableBeanFactory.instantiateUsingFactoryMethod(AbstractAutowireCapableBeanFactory.java:1332) ~[spring-beans-6.0.8.jar:6.0.8]
	at org.springframework.beans.factory.support.AbstractAutowireCapableBeanFactory.createBeanInstance(AbstractAutowireCapableBeanFactory.java:1162) ~[spring-beans-6.0.8.jar:6.0.8]
	at org.springframework.beans.factory.support.AbstractAutowireCapableBeanFactory.doCreateBean(AbstractAutowireCapableBeanFactory.java:560) ~[spring-beans-6.0.8.jar:6.0.8]
	at org.springframework.beans.factory.support.AbstractAutowireCapableBeanFactory.createBean(AbstractAutowireCapableBeanFactory.java:520) ~[spring-beans-6.0.8.jar:6.0.8]
	at org.springframework.beans.factory.support.AbstractBeanFactory.lambda$doGetBean$0(AbstractBeanFactory.java:326) ~[spring-beans-6.0.8.jar:6.0.8]
	at org.springframework.beans.factory.support.DefaultSingletonBeanRegistry.getSingleton(DefaultSingletonBeanRegistry.java:234) ~[spring-beans-6.0.8.jar:6.0.8]
	at org.springframework.beans.factory.support.AbstractBeanFactory.doGetBean(AbstractBeanFactory.java:324) ~[spring-beans-6.0.8.jar:6.0.8]
	at org.springframework.beans.factory.support.AbstractBeanFactory.getBean(AbstractBeanFactory.java:200) ~[spring-beans-6.0.8.jar:6.0.8]
	at org.springframework.beans.factory.support.DefaultListableBeanFactory.preInstantiateSingletons(DefaultListableBeanFactory.java:973) ~[spring-beans-6.0.8.jar:6.0.8]
	at org.springframework.context.support.AbstractApplicationContext.finishBeanFactoryInitialization(AbstractApplicationContext.java:917) ~[spring-context-6.0.8.jar:6.0.8]
	at org.springframework.context.support.AbstractApplicationContext.refresh(AbstractApplicationContext.java:584) ~[spring-context-6.0.8.jar:6.0.8]
	at org.springframework.boot.web.servlet.context.ServletWebServerApplicationContext.refresh(ServletWebServerApplicationContext.java:146) ~[spring-boot-3.0.6.jar:3.0.6]
	at org.springframework.boot.SpringApplication.refresh(SpringApplication.java:732) ~[spring-boot-3.0.6.jar:3.0.6]
	at org.springframework.boot.SpringApplication.refreshContext(SpringApplication.java:434) ~[spring-boot-3.0.6.jar:3.0.6]
	at org.springframework.boot.SpringApplication.run(SpringApplication.java:310) ~[spring-boot-3.0.6.jar:3.0.6]
	at org.springframework.boot.SpringApplication.run(SpringApplication.java:1304) ~[spring-boot-3.0.6.jar:3.0.6]
	at org.springframework.boot.SpringApplication.run(SpringApplication.java:1293) ~[spring-boot-3.0.6.jar:3.0.6]
	at nl.bsoft.kerk.microservices.items.Application.main(Application.java:14) ~[classes/:na]
Caused by: org.springframework.beans.BeanInstantiationException: Failed to instantiate [com.fasterxml.jackson.databind.ObjectMapper]: Factory method 'objectMapper' threw exception with message: class java.time.format.DateTimeFormatter$ClassicFormat cannot be cast to class java.text.DateFormat (java.time.format.DateTimeFormatter$ClassicFormat and java.text.DateFormat are in module java.base of loader 'bootstrap')
	at org.springframework.beans.factory.support.SimpleInstantiationStrategy.instantiate(SimpleInstantiationStrategy.java:171) ~[spring-beans-6.0.8.jar:6.0.8]
	at org.springframework.beans.factory.support.ConstructorResolver.instantiate(ConstructorResolver.java:655) ~[spring-beans-6.0.8.jar:6.0.8]
	... 19 common frames omitted
Caused by: java.lang.ClassCastException: class java.time.format.DateTimeFormatter$ClassicFormat cannot be cast to class java.text.DateFormat (java.time.format.DateTimeFormatter$ClassicFormat and java.text.DateFormat are in module java.base of loader 'bootstrap')
	at nl.bsoft.kerk.microservices.items.config.JacksonConfig.objectMapper(JacksonConfig.java:37) ~[classes/:na]
	at nl.bsoft.kerk.microservices.items.config.JacksonConfig$$SpringCGLIB$$0.CGLIB$objectMapper$0(<generated>) ~[classes/:na]
	at nl.bsoft.kerk.microservices.items.config.JacksonConfig$$SpringCGLIB$$2.invoke(<generated>) ~[classes/:na]
	at org.springframework.cglib.proxy.MethodProxy.invokeSuper(MethodProxy.java:258) ~[spring-core-6.0.8.jar:6.0.8]
	at org.springframework.context.annotation.ConfigurationClassEnhancer$BeanMethodInterceptor.intercept(ConfigurationClassEnhancer.java:331) ~[spring-context-6.0.8.jar:6.0.8]
	at nl.bsoft.kerk.microservices.items.config.JacksonConfig$$SpringCGLIB$$0.objectMapper(<generated>) ~[classes/:na]
	at java.base/jdk.internal.reflect.DirectMethodHandleAccessor.invoke(DirectMethodHandleAccessor.java:104) ~[na:na]
	at java.base/java.lang.reflect.Method.invoke(Method.java:577) ~[na:na]
	at org.springframework.beans.factory.support.SimpleInstantiationStrategy.instantiate(SimpleInstantiationStrategy.java:139) ~[spring-beans-6.0.8.jar:6.0.8]
	... 20 common frames omitted

2023-05-03T21:37:27.607+02:00  INFO 15774 --- [main] n.b.k.microservices.items.Application    : Starting Application using Java 18.0.2 with PID 15774 (/home/bvpelt/Develop/microservice/items/target/classes started by bvpelt in /home/bvpelt/Develop/microservice)
2023-05-03T21:37:27.608+02:00 DEBUG 15774 --- [main] n.b.k.microservices.items.Application    : Running with Spring Boot v3.0.6, Spring v6.0.8
2023-05-03T21:37:27.608+02:00  INFO 15774 --- [main] n.b.k.microservices.items.Application    : No active profile set, falling back to 1 default profile: "default"
2023-05-03T21:37:27.900+02:00  INFO 15774 --- [main] .s.d.r.c.RepositoryConfigurationDelegate : Bootstrapping Spring Data JPA repositories in DEFAULT mode.
2023-05-03T21:37:27.921+02:00  INFO 15774 --- [main] .s.d.r.c.RepositoryConfigurationDelegate : Finished Spring Data repository scanning in 17 ms. Found 1 JPA repository interfaces.
2023-05-03T21:37:28.331+02:00  INFO 15774 --- [main] o.s.b.w.embedded.tomcat.TomcatWebServer  : Tomcat initialized with port(s): 8080 (http)
2023-05-03T21:37:28.335+02:00  INFO 15774 --- [main] o.apache.catalina.core.StandardService   : Starting service [Tomcat]
2023-05-03T21:37:28.335+02:00  INFO 15774 --- [main] o.apache.catalina.core.StandardEngine    : Starting Servlet engine: [Apache Tomcat/10.1.8]
2023-05-03T21:37:28.375+02:00  INFO 15774 --- [main] o.a.c.c.C.[.[localhost].[/api/items/v1]  : Initializing Spring embedded WebApplicationContext
2023-05-03T21:37:28.375+02:00  INFO 15774 --- [main] w.s.c.ServletWebServerApplicationContext : Root WebApplicationContext: initialization completed in 734 ms
2023-05-03T21:37:28.471+02:00  INFO 15774 --- [main] com.zaxxer.hikari.HikariDataSource       : HikariPool-1 - Starting...
2023-05-03T21:37:28.619+02:00  INFO 15774 --- [main] com.zaxxer.hikari.pool.HikariPool        : HikariPool-1 - Added connection org.postgresql.jdbc.PgConnection@3ffd4b12
2023-05-03T21:37:28.620+02:00  INFO 15774 --- [main] com.zaxxer.hikari.HikariDataSource       : HikariPool-1 - Start completed.
2023-05-03T21:37:28.694+02:00  INFO 15774 --- [main] liquibase.database                       : Set default schema name to public
2023-05-03T21:37:28.753+02:00  INFO 15774 --- [main] liquibase.lockservice                    : Successfully acquired change log lock
2023-05-03T21:37:28.868+02:00  INFO 15774 --- [main] liquibase.changelog                      : Reading from public.databasechangelog
2023-05-03T21:37:28.903+02:00  INFO 15774 --- [main] liquibase.lockservice                    : Successfully released change log lock
2023-05-03T21:37:28.943+02:00  INFO 15774 --- [main] o.hibernate.jpa.internal.util.LogHelper  : HHH000204: Processing PersistenceUnitInfo [name: default]
2023-05-03T21:37:28.964+02:00  INFO 15774 --- [main] org.hibernate.Version                    : HHH000412: Hibernate ORM core version 6.1.7.Final
2023-05-03T21:37:29.101+02:00  INFO 15774 --- [main] SQL dialect                              : HHH000400: Using dialect: org.hibernate.dialect.PostgreSQLDialect
2023-05-03T21:37:29.451+02:00  INFO 15774 --- [main] o.h.e.t.j.p.i.JtaPlatformInitiator       : HHH000490: Using JtaPlatform implementation: [org.hibernate.engine.transaction.jta.platform.internal.NoJtaPlatform]
2023-05-03T21:37:29.456+02:00  INFO 15774 --- [main] j.LocalContainerEntityManagerFactoryBean : Initialized JPA EntityManagerFactory for persistence unit 'default'
2023-05-03T21:37:29.909+02:00  INFO 15774 --- [main] o.s.b.w.embedded.tomcat.TomcatWebServer  : Tomcat started on port(s): 8080 (http) with context path '/api/items/v1'
2023-05-03T21:37:29.939+02:00  INFO 15774 --- [main] o.s.b.w.embedded.tomcat.TomcatWebServer  : Tomcat initialized with port(s): 8081 (http)
2023-05-03T21:37:29.940+02:00  INFO 15774 --- [main] o.apache.catalina.core.StandardService   : Starting service [Tomcat]
2023-05-03T21:37:29.940+02:00  INFO 15774 --- [main] o.apache.catalina.core.StandardEngine    : Starting Servlet engine: [Apache Tomcat/10.1.8]
2023-05-03T21:37:29.945+02:00  INFO 15774 --- [main] o.a.c.c.C.[Tomcat-1].[localhost].[/]     : Initializing Spring embedded WebApplicationContext
2023-05-03T21:37:29.946+02:00  INFO 15774 --- [main] w.s.c.ServletWebServerApplicationContext : Root WebApplicationContext: initialization completed in 36 ms
2023-05-03T21:37:29.953+02:00  INFO 15774 --- [main] o.s.b.a.e.web.EndpointLinksResolver      : Exposing 16 endpoint(s) beneath base path '/actuator'
2023-05-03T21:37:29.974+02:00  INFO 15774 --- [main] o.s.b.w.embedded.tomcat.TomcatWebServer  : Tomcat started on port(s): 8081 (http) with context path ''
2023-05-03T21:37:29.983+02:00  INFO 15774 --- [main] n.b.k.microservices.items.Application    : Started Application in 2.629 seconds (process running for 2.892)
2023-05-03T21:37:37.713+02:00  INFO 15774 --- [http-nio-8080-exec-1] o.a.c.c.C.[.[localhost].[/api/items/v1]  : Initializing Spring DispatcherServlet 'dispatcherServlet'
2023-05-03T21:37:37.713+02:00  INFO 15774 --- [http-nio-8080-exec-1] o.s.web.servlet.DispatcherServlet        : Initializing Servlet 'dispatcherServlet'
2023-05-03T21:37:37.714+02:00  INFO 15774 --- [http-nio-8080-exec-1] o.s.web.servlet.DispatcherServlet        : Completed initialization in 1 ms
2023-05-03T21:38:11.398+02:00  INFO 15774 --- [SpringApplicationShutdownHook] j.LocalContainerEntityManagerFactoryBean : Closing JPA EntityManagerFactory for persistence unit 'default'
2023-05-03T21:38:11.400+02:00  INFO 15774 --- [SpringApplicationShutdownHook] com.zaxxer.hikari.HikariDataSource       : HikariPool-1 - Shutdown initiated...
2023-05-03T21:38:11.403+02:00  INFO 15774 --- [SpringApplicationShutdownHook] com.zaxxer.hikari.HikariDataSource       : HikariPool-1 - Shutdown completed.
2023-05-03T21:38:15.061+02:00  INFO 15941 --- [main] n.b.k.microservices.items.Application    : Starting Application using Java 18.0.2 with PID 15941 (/home/bvpelt/Develop/microservice/items/target/classes started by bvpelt in /home/bvpelt/Develop/microservice)
2023-05-03T21:38:15.062+02:00 DEBUG 15941 --- [main] n.b.k.microservices.items.Application    : Running with Spring Boot v3.0.6, Spring v6.0.8
2023-05-03T21:38:15.063+02:00  INFO 15941 --- [main] n.b.k.microservices.items.Application    : No active profile set, falling back to 1 default profile: "default"
2023-05-03T21:38:15.353+02:00  INFO 15941 --- [main] .s.d.r.c.RepositoryConfigurationDelegate : Bootstrapping Spring Data JPA repositories in DEFAULT mode.
2023-05-03T21:38:15.374+02:00  INFO 15941 --- [main] .s.d.r.c.RepositoryConfigurationDelegate : Finished Spring Data repository scanning in 17 ms. Found 1 JPA repository interfaces.
2023-05-03T21:38:15.774+02:00  INFO 15941 --- [main] o.s.b.w.embedded.tomcat.TomcatWebServer  : Tomcat initialized with port(s): 8080 (http)
2023-05-03T21:38:15.779+02:00  INFO 15941 --- [main] o.apache.catalina.core.StandardService   : Starting service [Tomcat]
2023-05-03T21:38:15.779+02:00  INFO 15941 --- [main] o.apache.catalina.core.StandardEngine    : Starting Servlet engine: [Apache Tomcat/10.1.8]
2023-05-03T21:38:15.817+02:00  INFO 15941 --- [main] o.a.c.c.C.[.[localhost].[/api/items/v1]  : Initializing Spring embedded WebApplicationContext
2023-05-03T21:38:15.818+02:00  INFO 15941 --- [main] w.s.c.ServletWebServerApplicationContext : Root WebApplicationContext: initialization completed in 724 ms
2023-05-03T21:38:15.907+02:00  INFO 15941 --- [main] com.zaxxer.hikari.HikariDataSource       : HikariPool-1 - Starting...
2023-05-03T21:38:16.058+02:00  INFO 15941 --- [main] com.zaxxer.hikari.pool.HikariPool        : HikariPool-1 - Added connection org.postgresql.jdbc.PgConnection@44faa4f2
2023-05-03T21:38:16.059+02:00  INFO 15941 --- [main] com.zaxxer.hikari.HikariDataSource       : HikariPool-1 - Start completed.
2023-05-03T21:38:16.135+02:00  INFO 15941 --- [main] liquibase.database                       : Set default schema name to public
2023-05-03T21:38:16.183+02:00  INFO 15941 --- [main] liquibase.lockservice                    : Successfully acquired change log lock
2023-05-03T21:38:16.297+02:00  INFO 15941 --- [main] liquibase.changelog                      : Reading from public.databasechangelog
2023-05-03T21:38:16.333+02:00  INFO 15941 --- [main] liquibase.lockservice                    : Successfully released change log lock
2023-05-03T21:38:16.373+02:00  INFO 15941 --- [main] o.hibernate.jpa.internal.util.LogHelper  : HHH000204: Processing PersistenceUnitInfo [name: default]
2023-05-03T21:38:16.394+02:00  INFO 15941 --- [main] org.hibernate.Version                    : HHH000412: Hibernate ORM core version 6.1.7.Final
2023-05-03T21:38:16.528+02:00  INFO 15941 --- [main] SQL dialect                              : HHH000400: Using dialect: org.hibernate.dialect.PostgreSQLDialect
2023-05-03T21:38:16.877+02:00  INFO 15941 --- [main] o.h.e.t.j.p.i.JtaPlatformInitiator       : HHH000490: Using JtaPlatform implementation: [org.hibernate.engine.transaction.jta.platform.internal.NoJtaPlatform]
2023-05-03T21:38:16.882+02:00  INFO 15941 --- [main] j.LocalContainerEntityManagerFactoryBean : Initialized JPA EntityManagerFactory for persistence unit 'default'
2023-05-03T21:38:17.343+02:00  INFO 15941 --- [main] o.s.b.w.embedded.tomcat.TomcatWebServer  : Tomcat started on port(s): 8080 (http) with context path '/api/items/v1'
2023-05-03T21:38:17.374+02:00  INFO 15941 --- [main] o.s.b.w.embedded.tomcat.TomcatWebServer  : Tomcat initialized with port(s): 8081 (http)
2023-05-03T21:38:17.375+02:00  INFO 15941 --- [main] o.apache.catalina.core.StandardService   : Starting service [Tomcat]
2023-05-03T21:38:17.375+02:00  INFO 15941 --- [main] o.apache.catalina.core.StandardEngine    : Starting Servlet engine: [Apache Tomcat/10.1.8]
2023-05-03T21:38:17.381+02:00  INFO 15941 --- [main] o.a.c.c.C.[Tomcat-1].[localhost].[/]     : Initializing Spring embedded WebApplicationContext
2023-05-03T21:38:17.381+02:00  INFO 15941 --- [main] w.s.c.ServletWebServerApplicationContext : Root WebApplicationContext: initialization completed in 36 ms
2023-05-03T21:38:17.389+02:00  INFO 15941 --- [main] o.s.b.a.e.web.EndpointLinksResolver      : Exposing 16 endpoint(s) beneath base path '/actuator'
2023-05-03T21:38:17.410+02:00  INFO 15941 --- [main] o.s.b.w.embedded.tomcat.TomcatWebServer  : Tomcat started on port(s): 8081 (http) with context path ''
2023-05-03T21:38:17.419+02:00  INFO 15941 --- [main] n.b.k.microservices.items.Application    : Started Application in 2.612 seconds (process running for 2.875)
2023-05-03T21:38:21.152+02:00  INFO 15941 --- [http-nio-8080-exec-1] o.a.c.c.C.[.[localhost].[/api/items/v1]  : Initializing Spring DispatcherServlet 'dispatcherServlet'
2023-05-03T21:38:21.152+02:00  INFO 15941 --- [http-nio-8080-exec-1] o.s.web.servlet.DispatcherServlet        : Initializing Servlet 'dispatcherServlet'
2023-05-03T21:38:21.153+02:00  INFO 15941 --- [http-nio-8080-exec-1] o.s.web.servlet.DispatcherServlet        : Completed initialization in 0 ms
2023-05-03T21:38:50.186+02:00  INFO 15941 --- [SpringApplicationShutdownHook] j.LocalContainerEntityManagerFactoryBean : Closing JPA EntityManagerFactory for persistence unit 'default'
2023-05-03T21:38:50.187+02:00  INFO 15941 --- [SpringApplicationShutdownHook] com.zaxxer.hikari.HikariDataSource       : HikariPool-1 - Shutdown initiated...
2023-05-03T21:38:50.191+02:00  INFO 15941 --- [SpringApplicationShutdownHook] com.zaxxer.hikari.HikariDataSource       : HikariPool-1 - Shutdown completed.
